<?xml version="1.0" encoding="UTF-8"?>
<!-- Generated by org.testng.reporters.JUnitReportReporter -->
<testsuite skipped="0" hostname="DESKTOP-8CFRFGH" name="eBay.TestAutomationFramework.EbayAutomation" tests="1" failures="0" timestamp="26 Apr 2020 11:11:13 GMT" time="59.200" errors="0">
  <testcase name="login" time="59.200" classname="eBay.TestAutomationFramework.EbayAutomation"/>
</testsuite> <!-- eBay.TestAutomationFramework.EbayAutomation -->
